[2025-02-25 23:28:12] local.ERROR: Class "DOMDocument" not found {"exception":"[object] (Error(code: 0): Class \"DOMDocument\" not found at /var/www/foodappi/vendor/nunomaduro/termwind/src/HtmlRenderer.php:32)
[stacktrace]
#0 /var/www/foodappi/vendor/nunomaduro/termwind/src/HtmlRenderer.php(24): Termwind\\HtmlRenderer->parse()
#1 /var/www/foodappi/vendor/nunomaduro/termwind/src/Functions.php(41): Termwind\\HtmlRenderer->render()
#2 /var/www/foodappi/vendor/laravel/framework/src/Illuminate/Console/View/Components/Component.php(52): Termwind\\render()
#3 /var/www/foodappi/vendor/laravel/framework/src/Illuminate/Console/View/Components/Line.php(49): Illuminate\\Console\\View\\Components\\Component->renderView()
#4 /var/www/foodappi/vendor/laravel/framework/src/Illuminate/Console/View/Components/Info.php(18): Illuminate\\Console\\View\\Components\\Line->render()
#5 /var/www/foodappi/vendor/laravel/framework/src/Illuminate/Console/View/Components/Factory.php(58): Illuminate\\Console\\View\\Components\\Info->render()
#6 /var/www/foodappi/vendor/laravel/framework/src/Illuminate/Foundation/Console/RouteClearCommand.php(66): Illuminate\\Console\\View\\Components\\Factory->__call()
#7 /var/www/foodappi/vendor/laravel/framework/src/Illuminate/Container/BoundMethod.php(36): Illuminate\\Foundation\\Console\\RouteClearCommand->handle()
#8 /var/www/foodappi/vendor/laravel/framework/src/Illuminate/Container/Util.php(41): Illuminate\\Container\\BoundMethod::Illuminate\\Container\\{closure}()
#9 /var/www/foodappi/vendor/laravel/framework/src/Illuminate/Container/BoundMethod.php(93): Illuminate\\Container\\Util::unwrapIfClosure()
#10 /var/www/foodappi/vendor/laravel/framework/src/Illuminate/Container/BoundMethod.php(35): Illuminate\\Container\\BoundMethod::callBoundMethod()
#11 /var/www/foodappi/vendor/laravel/framework/src/Illuminate/Container/Container.php(661): Illuminate\\Container\\BoundMethod::call()
#12 /var/www/foodappi/vendor/laravel/framework/src/Illuminate/Console/Command.php(183): Illuminate\\Container\\Container->call()
#13 /var/www/foodappi/vendor/symfony/console/Command/Command.php(326): Illuminate\\Console\\Command->execute()
#14 /var/www/foodappi/vendor/laravel/framework/src/Illuminate/Console/Command.php(152): Symfony\\Component\\Console\\Command\\Command->run()
#15 /var/www/foodappi/vendor/symfony/console/Application.php(1078): Illuminate\\Console\\Command->run()
#16 /var/www/foodappi/vendor/symfony/console/Application.php(324): Symfony\\Component\\Console\\Application->doRunCommand()
#17 /var/www/foodappi/vendor/symfony/console/Application.php(175): Symfony\\Component\\Console\\Application->doRun()
#18 /var/www/foodappi/vendor/laravel/framework/src/Illuminate/Console/Application.php(102): Symfony\\Component\\Console\\Application->run()
#19 /var/www/foodappi/vendor/laravel/framework/src/Illuminate/Foundation/Console/Kernel.php(155): Illuminate\\Console\\Application->run()
#20 /var/www/foodappi/artisan(35): Illuminate\\Foundation\\Console\\Kernel->handle()
#21 {main}
"} 
[2025-02-25 23:28:42] local.ERROR: Class "DOMDocument" not found {"exception":"[object] (Error(code: 0): Class \"DOMDocument\" not found at /var/www/foodappi/vendor/nunomaduro/termwind/src/HtmlRenderer.php:32)
[stacktrace]
#0 /var/www/foodappi/vendor/nunomaduro/termwind/src/HtmlRenderer.php(24): Termwind\\HtmlRenderer->parse()
#1 /var/www/foodappi/vendor/nunomaduro/termwind/src/Functions.php(41): Termwind\\HtmlRenderer->render()
#2 /var/www/foodappi/vendor/laravel/framework/src/Illuminate/Console/View/Components/Component.php(52): Termwind\\render()
#3 /var/www/foodappi/vendor/laravel/framework/src/Illuminate/Console/View/Components/Line.php(49): Illuminate\\Console\\View\\Components\\Component->renderView()
#4 /var/www/foodappi/vendor/laravel/framework/src/Illuminate/Console/View/Components/Info.php(18): Illuminate\\Console\\View\\Components\\Line->render()
#5 /var/www/foodappi/vendor/laravel/framework/src/Illuminate/Console/View/Components/Factory.php(58): Illuminate\\Console\\View\\Components\\Info->render()
#6 /var/www/foodappi/vendor/laravel/framework/src/Illuminate/Foundation/Console/ConfigClearCommand.php(66): Illuminate\\Console\\View\\Components\\Factory->__call()
#7 /var/www/foodappi/vendor/laravel/framework/src/Illuminate/Container/BoundMethod.php(36): Illuminate\\Foundation\\Console\\ConfigClearCommand->handle()
#8 /var/www/foodappi/vendor/laravel/framework/src/Illuminate/Container/Util.php(41): Illuminate\\Container\\BoundMethod::Illuminate\\Container\\{closure}()
#9 /var/www/foodappi/vendor/laravel/framework/src/Illuminate/Container/BoundMethod.php(93): Illuminate\\Container\\Util::unwrapIfClosure()
#10 /var/www/foodappi/vendor/laravel/framework/src/Illuminate/Container/BoundMethod.php(35): Illuminate\\Container\\BoundMethod::callBoundMethod()
#11 /var/www/foodappi/vendor/laravel/framework/src/Illuminate/Container/Container.php(661): Illuminate\\Container\\BoundMethod::call()
#12 /var/www/foodappi/vendor/laravel/framework/src/Illuminate/Console/Command.php(183): Illuminate\\Container\\Container->call()
#13 /var/www/foodappi/vendor/symfony/console/Command/Command.php(326): Illuminate\\Console\\Command->execute()
#14 /var/www/foodappi/vendor/laravel/framework/src/Illuminate/Console/Command.php(152): Symfony\\Component\\Console\\Command\\Command->run()
#15 /var/www/foodappi/vendor/symfony/console/Application.php(1078): Illuminate\\Console\\Command->run()
#16 /var/www/foodappi/vendor/symfony/console/Application.php(324): Symfony\\Component\\Console\\Application->doRunCommand()
#17 /var/www/foodappi/vendor/symfony/console/Application.php(175): Symfony\\Component\\Console\\Application->doRun()
#18 /var/www/foodappi/vendor/laravel/framework/src/Illuminate/Console/Application.php(102): Symfony\\Component\\Console\\Application->run()
#19 /var/www/foodappi/vendor/laravel/framework/src/Illuminate/Foundation/Console/Kernel.php(155): Illuminate\\Console\\Application->run()
#20 /var/www/foodappi/artisan(35): Illuminate\\Foundation\\Console\\Kernel->handle()
#21 {main}
"} 
